{"level":"error","message":"Movie not found Movie not found","status":404}
{"level":"error","message":"Movie not found"}
{"level":"error","message":"Movie not found Movie not found","status":404}
{"level":"error","message":"Movie not found"}
{"level":"error","message":"Movie not found","status":404}
{"level":"error","message":"Movie not found","status":404}
{"level":"error"}
{"level":"error"}
{"level":"error"}
{"level":"info","message":"connected to db"}
{"level":"info","message":"connected to db"}
{"level":"info","message":"connected to db"}
{"level":"info","message":"connected to db"}
{"level":"info","message":"connected to db"}
{"level":"info","message":"connected to db"}
{"level":"info","message":"connected to db"}
{"level":"info","message":"connected to db"}
{"level":"info","message":"connected to db"}
{"level":"info","message":"connected to db"}
{"level":"info","message":"connected to db"}
{"level":"info","message":"connected to db"}
{"level":"info","message":"connected to db"}
{"level":"info","message":"connected to db"}
{"level":"info","message":"connected to db"}
{"level":"info","message":"connected to db"}
{"level":"info","message":"connected to db"}
{"level":"info","message":"connected to db"}
{"level":"info","message":"connected to db"}
{"level":"info","message":"connected to db"}
{"level":"info","message":"connected to db"}
{"level":"info","message":"connected to db"}
{"level":"info","message":"connected to db"}
{"level":"info","message":"connected to db"}
{"level":"info","message":"connected to db"}
{"level":"info","message":"connected to db"}
{"level":"info","message":"connected to db"}
{"level":"info","message":"connected to db"}
{"level":"info","message":"connected to db"}
{"level":"info","message":"connected to db"}
{"level":"info","message":"connected to db"}
{"level":"info","message":"connected to db"}
{"level":"info","message":"connected to db"}
{"level":"info","message":"connected to db"}
{"level":"info","message":"connected to db"}
{"level":"info","message":"connected to db"}
{"level":"info","message":"connected to db"}
{"level":"info","message":"connected to db"}
{"level":"info","message":"connected to db"}
{"level":"info","message":"connected to db"}
{"level":"info","message":"connected to db"}
{"level":"info","message":"connected to db"}
{"level":"info","message":"connected to db"}
{"level":"info","message":"connected to db"}
{"level":"info","message":"connected to db"}
{"level":"info","message":"connected to db"}
{"level":"info","message":"connected to db"}
{"level":"info","message":"connected to db"}
{"level":"info","message":"connected to db"}
{"level":"info","message":"connected to db"}
{"level":"info","message":"connected to db"}
{"level":"info","message":"connected to db"}
{"level":"info","message":"connected to db"}
{"level":"info","message":"connected to db"}
{"level":"info","message":"connected to db"}
{"level":"info","message":"connected to db"}
{"level":"info","message":"connected to db"}
{"level":"info","message":"connected to db"}
{"level":"info","message":"connected to db"}
{"level":"info","message":"connected to db"}
{"level":"info","message":"connected to db"}
{"level":"info","message":"connected to db"}
{"level":"info","message":"connected to db"}
{"level":"info","message":"connected to db"}
{"level":"info","message":"connected to db"}
{"level":"info","message":"connected to db"}
{"level":"info","message":"connected to db"}
{"level":"info","message":"connected to db"}
{"level":"info","message":"connected to db"}
{"level":"info","message":"connected to db"}
{"level":"info","message":"connected to db"}
{"level":"info","message":"connected to db"}
{"level":"info","message":"connected to db"}
{"level":"info","message":"connected to db"}
{"level":"info","message":"connected to db"}
{"level":"info","message":"connected to db"}
{"level":"info","message":"connected to db"}
{"level":"info","message":"connected to db"}
{"level":"info","message":"connected to db"}
{"level":"info","message":"connected to db"}
{"level":"info","message":"connected to db"}
{"level":"info","message":"connected to db"}
{"level":"info","message":"connected to db"}
{"level":"info","message":"connected to db"}
{"level":"info","message":"connected to db"}
{"level":"info","message":"connected to db"}
{"level":"info","message":"connected to db"}
{"level":"info","message":"connected to db"}
{"level":"info","message":"connected to db"}
{"level":"info","message":"connected to db"}
{"level":"info","message":"connected to db"}
{"level":"info","message":"connected to db"}
{"level":"info","message":"connected to db"}
{"level":"info","message":"connected to db"}
{"level":"info","message":"connected to db"}
{"level":"info","message":"connected to db"}
{"level":"info","message":"connected to db"}
{"level":"info","message":"connected to db"}
{"level":"info","message":"connected to db"}
{"level":"info","message":"connected to db"}
{"level":"info","message":"connected to db"}
{"level":"info","message":"connected to db"}
{"level":"info","message":"connected to db"}
{"level":"info","message":"connected to db"}
{"level":"info","message":"connected to db"}
{"level":"info","message":"connected to db"}
{"level":"info","message":"connected to db"}
{"level":"info","message":"connected to db"}
{"level":"info","message":"connected to db"}
{"level":"info","message":"connected to db"}
{"level":"info","message":"connected to db"}
{"level":"info","message":"connected to db"}
{"level":"info","message":"connected to db"}
{"level":"info","message":"connected to db"}
{"level":"info","message":"connected to db"}
{"level":"info","message":"connected to db"}
{"level":"info","message":"connected to db"}
{"level":"info","message":"connected to db"}
{"level":"info","message":"connected to db"}
{"level":"info","message":"connected to db"}
{"level":"info","message":"connected to db"}
{"level":"info","message":"connected to db"}
{"level":"info","message":"connected to db"}
{"level":"info","message":"connected to db"}
{"level":"info","message":"connected to db"}
{"level":"info","message":"connected to db"}
{"level":"info","message":"connected to db"}
{"level":"info","message":"connected to db"}
{"level":"info","message":"connected to db"}
{"level":"info","message":"connected to db"}
{"level":"info","message":"connected to db"}
{"level":"info","message":"connected to db"}
{"level":"info","message":"connected to db"}
{"level":"info","message":"connected to db"}
{"level":"info","message":"connected to db"}
{"level":"info","message":"connected to db"}
{"level":"info","message":"connected to db"}
{"level":"info","message":"connected to db"}
{"level":"info","message":"connected to db"}
{"level":"info","message":"connected to db"}
{"level":"info","message":"connected to db"}
{"level":"info","message":"connected to db"}
{"level":"info","message":"connected to db"}
{"level":"info","message":"connected to db"}
{"level":"info","message":"connected to db"}
{"level":"info","message":"connected to db"}
{"level":"info","message":"connected to db"}
{"level":"info","message":"connected to db"}
{"level":"info","message":"connected to db"}
{"level":"info","message":"connected to db"}
{"level":"info","message":"connected to db"}
{"level":"info","message":"connected to db"}
{"level":"info","message":"connected to db"}
{"level":"info","message":"connected to db"}
{"level":"info","message":"connected to db"}
{"level":"info","message":"connected to db"}
{"level":"info","message":"connected to db"}
{"level":"info","message":"connected to db"}
{"level":"info","message":"connected to db"}
{"level":"info","message":"connected to db"}
{"level":"info","message":"connected to db"}
{"level":"info","message":"connected to db"}
{"level":"info","message":"connected to db"}
{"level":"info","message":"connected to db"}
{"level":"info","message":"connected to db"}
{"level":"info","message":"connected to db"}
{"level":"info","message":"connected to db"}
{"level":"info","message":"connected to db"}
{"level":"info","message":"connected to db"}
{"level":"info","message":"connected to db"}
{"level":"info","message":"connected to db"}
{"level":"info","message":"connected to db"}
{"level":"info","message":"connected to db"}
{"level":"info","message":"connected to db"}
{"level":"info","message":"connected to db"}
{"level":"info","message":"connected to db"}
{"level":"info","message":"connected to db"}
{"level":"info","message":"connected to db"}
{"level":"info","message":"connected to db"}
{"level":"info","message":"connected to db"}
{"level":"info","message":"connected to db"}
{"level":"info","message":"connected to db"}
{"level":"info","message":"connected to db"}
{"level":"info","message":"connected to db"}
{"level":"info","message":"connected to db"}
{"level":"info","message":"connected to db"}
{"level":"info","message":"connected to db"}
{"level":"info","message":"connected to db"}
{"level":"info","message":"connected to db"}
{"level":"info","message":"connected to db"}
{"level":"info","message":"connected to db"}
{"level":"info","message":"connected to db"}
{"level":"info","message":"connected to db"}
{"level":"info","message":"connected to db"}
{"level":"info","message":"connected to db"}
{"level":"info","message":"connected to db"}
{"level":"info","message":"connected to db"}
{"level":"info","message":"connected to db"}
{"level":"info","message":"connected to db"}
{"level":"info","message":"connected to db"}
{"level":"error"}
{"level":"error"}
{"level":"error"}
{"level":"info","message":"connected to db"}
{"level":"info","message":"connected to db"}
{"level":"info","message":"connected to db"}
